testing module
[2019-03-21 23:01:48.671.1268424987793] app.fans INFO: testing module)
[2019-03-21 23:02:18.127.84838676452637] app.fans INFO: testing module
[2019-03-21 23:02:50.357] app.fans INFO: testing module
[2019-03-21 23:09:30,244] app.fans INFO: testing module
[2019-03-21 23:09:41,658] app.fans INFO: testing module
<2019-03-21 23:10:11,332> app.fans INFO: testing module
<2019-03-21 23:10:15,969> app.fans INFO: testing module
<2019-03-21 23:10:23,485> app.fans INFO: testing module
[2019-03-23 16:27:26] INFO: testing module (fans.py:test:23)
[2019-03-23 16:27:50] INFO: testing module (fans.py:test:23)
[2019-03-23 16:28:06] INFO: testing module (fans.py:test:23)
[2019-03-23 16:47:10.179] INFO: testing module (fans.py:test:21)
[2019-03-23 16:47:22.361] INFO: testing module (fans.py:test:21)
[2019-03-23 21:50:13.980] INFO: testing module (fans.py:test:21)
[2019-03-23 22:16:06.779] INFO: testing module (fans.py:test:21)
[2019-03-23 22:16:06.786] INFO: testing module (fans.py:test:21)
[2019-03-23 22:16:11.807] INFO: testing module (fans.py:test:21)
[2019-03-23 22:16:16.829] INFO: testing module (fans.py:test:21)
[2019-03-23 22:16:21.851] INFO: testing module (fans.py:test:21)
